e:\papertest2\qtcode\imagemaster_pro\imagemaster_pro\x64\release\menuclass.obj
e:\papertest2\qtcode\imagemaster_pro\imagemaster_pro\x64\release\attributes.obj
e:\papertest2\qtcode\imagemaster_pro\imagemaster_pro\x64\release\main.obj
e:\papertest2\qtcode\imagemaster_pro\imagemaster_pro\x64\release\moc_attributes.obj
e:\papertest2\qtcode\imagemaster_pro\imagemaster_pro\x64\release\moc_imagemaster_pro.obj
e:\papertest2\qtcode\imagemaster_pro\imagemaster_pro\x64\release\qrc_imagemaster_pro.obj
e:\papertest2\qtcode\imagemaster_pro\imagemaster_pro\x64\release\imagemaster_pro.obj
e:\papertest2\qtcode\imagemaster_pro\imagemaster_pro\x64\release\uic\ui_attributes.h
e:\papertest2\qtcode\imagemaster_pro\imagemaster_pro\x64\release\uic\ui_imagemaster_pro.h
e:\papertest2\qtcode\imagemaster_pro\imagemaster_pro\x64\release\rcc\qrc_imagemaster_pro.cpp
e:\papertest2\qtcode\imagemaster_pro\imagemaster_pro\x64\release\moc\moc_imagemaster_pro.cpp
e:\papertest2\qtcode\imagemaster_pro\imagemaster_pro\x64\release\moc\moc_attributes.cpp
e:\papertest2\qtcode\imagemaster_pro\imagemaster_pro\x64\release\uic\ui_featurematch.h
e:\papertest2\qtcode\imagemaster_pro\imagemaster_pro\x64\release\moc\moc_ourmenu.cpp
e:\papertest2\qtcode\imagemaster_pro\imagemaster_pro\x64\release\moc\moc_featurematch.cpp
e:\papertest2\qtcode\imagemaster_pro\x64\release\imagemaster_pro.exe
e:\papertest2\qtcode\imagemaster_pro\imagemaster_pro\x64\release\imagemaster_pro.tlog\cl.command.1.tlog
e:\papertest2\qtcode\imagemaster_pro\imagemaster_pro\x64\release\imagemaster_pro.tlog\cl.read.1.tlog
e:\papertest2\qtcode\imagemaster_pro\imagemaster_pro\x64\release\imagemaster_pro.tlog\cl.write.1.tlog
e:\papertest2\qtcode\imagemaster_pro\imagemaster_pro\x64\release\imagemaster_pro.tlog\imagemaster_pro.write.1u.tlog
e:\papertest2\qtcode\imagemaster_pro\imagemaster_pro\x64\release\imagemaster_pro.tlog\link.command.1.tlog
e:\papertest2\qtcode\imagemaster_pro\imagemaster_pro\x64\release\imagemaster_pro.tlog\link.read.1.tlog
e:\papertest2\qtcode\imagemaster_pro\imagemaster_pro\x64\release\imagemaster_pro.tlog\link.write.1.tlog
e:\papertest2\qtcode\imagemaster_pro\imagemaster_pro\x64\release\imagemaster_pro.tlog\moc.read.1u.tlog
e:\papertest2\qtcode\imagemaster_pro\imagemaster_pro\x64\release\imagemaster_pro.tlog\moc.write.1u.tlog
e:\papertest2\qtcode\imagemaster_pro\imagemaster_pro\x64\release\imagemaster_pro.tlog\rcc.read.1u.tlog
e:\papertest2\qtcode\imagemaster_pro\imagemaster_pro\x64\release\imagemaster_pro.tlog\rcc.write.1u.tlog
e:\papertest2\qtcode\imagemaster_pro\imagemaster_pro\x64\release\imagemaster_pro.tlog\uic.read.1u.tlog
e:\papertest2\qtcode\imagemaster_pro\imagemaster_pro\x64\release\imagemaster_pro.tlog\uic.write.1u.tlog
