e:\papertest2\qtcode\imagemaster_pro\imagemaster_pro\x64\debug\moc_featurematch.obj
e:\papertest2\qtcode\imagemaster_pro\imagemaster_pro\x64\debug\moc_imagemaster_pro.obj
e:\papertest2\qtcode\imagemaster_pro\imagemaster_pro\x64\debug\ourmenu.obj
e:\papertest2\qtcode\imagemaster_pro\imagemaster_pro\x64\debug\featurematch.obj
e:\papertest2\qtcode\imagemaster_pro\imagemaster_pro\x64\debug\main.obj
e:\papertest2\qtcode\imagemaster_pro\imagemaster_pro\x64\debug\imagemaster_pro.obj
e:\papertest2\qtcode\imagemaster_pro\imagemaster_pro\x64\debug\attributes.obj
e:\papertest2\qtcode\imagemaster_pro\imagemaster_pro\x64\debug\vc141.pdb
e:\papertest2\qtcode\imagemaster_pro\imagemaster_pro\x64\debug\moc_ourmenu.obj
e:\papertest2\qtcode\imagemaster_pro\imagemaster_pro\x64\debug\moc_attributes.obj
e:\papertest2\qtcode\imagemaster_pro\imagemaster_pro\x64\debug\qrc_imagemaster_pro.obj
e:\papertest2\qtcode\imagemaster_pro\imagemaster_pro\x64\debug\uic\ui_attributes.h
e:\papertest2\qtcode\imagemaster_pro\imagemaster_pro\x64\debug\uic\ui_featurematch.h
e:\papertest2\qtcode\imagemaster_pro\imagemaster_pro\x64\debug\uic\ui_imagemaster_pro.h
e:\papertest2\qtcode\imagemaster_pro\imagemaster_pro\x64\debug\rcc\qrc_imagemaster_pro.cpp
e:\papertest2\qtcode\imagemaster_pro\imagemaster_pro\x64\debug\moc\moc_imagemaster_pro.cpp
e:\papertest2\qtcode\imagemaster_pro\imagemaster_pro\x64\debug\moc\moc_ourmenu.cpp
e:\papertest2\qtcode\imagemaster_pro\imagemaster_pro\x64\debug\moc\moc_attributes.cpp
e:\papertest2\qtcode\imagemaster_pro\imagemaster_pro\x64\debug\moc\moc_featurematch.cpp
e:\papertest2\qtcode\imagemaster_pro\x64\debug\imagemaster_pro.pdb
e:\papertest2\qtcode\imagemaster_pro\imagemaster_pro\x64\debug\imagemaster_pro.tlog\cl.10464.write.1.tlog
e:\papertest2\qtcode\imagemaster_pro\imagemaster_pro\x64\debug\imagemaster_pro.tlog\cl.command.1.tlog
e:\papertest2\qtcode\imagemaster_pro\imagemaster_pro\x64\debug\imagemaster_pro.tlog\cl.read.1.tlog
e:\papertest2\qtcode\imagemaster_pro\imagemaster_pro\x64\debug\imagemaster_pro.tlog\imagemaster_pro.write.1u.tlog
e:\papertest2\qtcode\imagemaster_pro\imagemaster_pro\x64\debug\imagemaster_pro.tlog\link-cvtres.read.1.tlog
e:\papertest2\qtcode\imagemaster_pro\imagemaster_pro\x64\debug\imagemaster_pro.tlog\link-cvtres.write.1.tlog
e:\papertest2\qtcode\imagemaster_pro\imagemaster_pro\x64\debug\imagemaster_pro.tlog\link-rc.read.1.tlog
e:\papertest2\qtcode\imagemaster_pro\imagemaster_pro\x64\debug\imagemaster_pro.tlog\link-rc.write.1.tlog
e:\papertest2\qtcode\imagemaster_pro\imagemaster_pro\x64\debug\imagemaster_pro.tlog\link.command.1.tlog
e:\papertest2\qtcode\imagemaster_pro\imagemaster_pro\x64\debug\imagemaster_pro.tlog\link.read.1.tlog
e:\papertest2\qtcode\imagemaster_pro\imagemaster_pro\x64\debug\imagemaster_pro.tlog\link.write.1.tlog
e:\papertest2\qtcode\imagemaster_pro\imagemaster_pro\x64\debug\imagemaster_pro.tlog\moc.read.1u.tlog
e:\papertest2\qtcode\imagemaster_pro\imagemaster_pro\x64\debug\imagemaster_pro.tlog\moc.write.1u.tlog
e:\papertest2\qtcode\imagemaster_pro\imagemaster_pro\x64\debug\imagemaster_pro.tlog\rcc.read.1u.tlog
e:\papertest2\qtcode\imagemaster_pro\imagemaster_pro\x64\debug\imagemaster_pro.tlog\rcc.write.1u.tlog
e:\papertest2\qtcode\imagemaster_pro\imagemaster_pro\x64\debug\imagemaster_pro.tlog\uic.read.1u.tlog
e:\papertest2\qtcode\imagemaster_pro\imagemaster_pro\x64\debug\imagemaster_pro.tlog\uic.write.1u.tlog
